2021/11/07 06:33:48 [notice] 1#1: using the "epoll" event method
2021/11/07 06:33:48 [notice] 1#1: nginx/1.21.3
2021/11/07 06:33:48 [notice] 1#1: built by gcc 8.3.0 (Debian 8.3.0-6) 
2021/11/07 06:33:48 [notice] 1#1: OS: Linux 5.10.47-linuxkit
2021/11/07 06:33:48 [notice] 1#1: getrlimit(RLIMIT_NOFILE): 1048576:1048576
2021/11/07 06:33:48 [notice] 1#1: start worker processes
2021/11/07 06:33:48 [notice] 1#1: start worker process 32
2021/11/07 06:33:48 [notice] 1#1: start worker process 33
2021/11/07 06:33:48 [notice] 1#1: start worker process 34
2021/11/07 06:33:48 [notice] 1#1: start worker process 35
2021/11/07 06:34:06 [error] 32#32: *2 open() "/usr/share/nginx/html/favicon.ico" failed (2: No such file or directory), client: 172.23.0.1, server: localhost, request: "GET /favicon.ico HTTP/1.1", host: "localhost:8888", referrer: "http://localhost:8888/"
2021/11/07 06:36:32 [notice] 1#1: signal 3 (SIGQUIT) received, shutting down
2021/11/07 06:36:32 [notice] 32#32: gracefully shutting down
2021/11/07 06:36:32 [notice] 33#33: gracefully shutting down
2021/11/07 06:36:32 [notice] 34#34: gracefully shutting down
2021/11/07 06:36:32 [notice] 35#35: gracefully shutting down
2021/11/07 06:36:32 [notice] 32#32: exiting
2021/11/07 06:36:32 [notice] 33#33: exiting
2021/11/07 06:36:32 [notice] 34#34: exiting
2021/11/07 06:36:32 [notice] 35#35: exiting
2021/11/07 06:36:32 [notice] 35#35: exit
2021/11/07 06:36:32 [notice] 32#32: exit
2021/11/07 06:36:32 [notice] 33#33: exit
2021/11/07 06:36:32 [notice] 34#34: exit
2021/11/07 06:36:32 [notice] 1#1: signal 17 (SIGCHLD) received from 35
2021/11/07 06:36:32 [notice] 1#1: worker process 35 exited with code 0
2021/11/07 06:36:32 [notice] 1#1: signal 29 (SIGIO) received
2021/11/07 06:36:32 [notice] 1#1: signal 17 (SIGCHLD) received from 33
2021/11/07 06:36:32 [notice] 1#1: worker process 33 exited with code 0
2021/11/07 06:36:32 [notice] 1#1: worker process 32 exited with code 0
2021/11/07 06:36:32 [notice] 1#1: signal 17 (SIGCHLD) received from 32
2021/11/07 06:36:32 [notice] 1#1: signal 29 (SIGIO) received
2021/11/07 06:36:32 [notice] 1#1: signal 17 (SIGCHLD) received from 34
2021/11/07 06:36:32 [notice] 1#1: worker process 34 exited with code 0
2021/11/07 06:36:32 [notice] 1#1: exit
2021/11/07 06:36:39 [notice] 1#1: using the "epoll" event method
2021/11/07 06:36:39 [notice] 1#1: nginx/1.21.3
2021/11/07 06:36:39 [notice] 1#1: built by gcc 8.3.0 (Debian 8.3.0-6) 
2021/11/07 06:36:39 [notice] 1#1: OS: Linux 5.10.47-linuxkit
2021/11/07 06:36:39 [notice] 1#1: getrlimit(RLIMIT_NOFILE): 1048576:1048576
2021/11/07 06:36:39 [notice] 1#1: start worker processes
2021/11/07 06:36:39 [notice] 1#1: start worker process 31
2021/11/07 06:36:39 [notice] 1#1: start worker process 32
2021/11/07 06:36:39 [notice] 1#1: start worker process 33
2021/11/07 06:36:39 [notice] 1#1: start worker process 34
2021/11/07 06:38:08 [notice] 1#1: signal 3 (SIGQUIT) received, shutting down
2021/11/07 06:38:08 [notice] 32#32: gracefully shutting down
2021/11/07 06:38:08 [notice] 32#32: exiting
2021/11/07 06:38:08 [notice] 33#33: gracefully shutting down
2021/11/07 06:38:08 [notice] 33#33: exiting
2021/11/07 06:38:08 [notice] 31#31: gracefully shutting down
2021/11/07 06:38:08 [notice] 34#34: gracefully shutting down
2021/11/07 06:38:08 [notice] 32#32: exit
2021/11/07 06:38:08 [notice] 33#33: exit
2021/11/07 06:38:08 [notice] 31#31: exiting
2021/11/07 06:38:08 [notice] 31#31: exit
2021/11/07 06:38:08 [notice] 34#34: exiting
2021/11/07 06:38:08 [notice] 34#34: exit
2021/11/07 06:38:08 [notice] 1#1: signal 17 (SIGCHLD) received from 33
2021/11/07 06:38:08 [notice] 1#1: worker process 32 exited with code 0
2021/11/07 06:38:08 [notice] 1#1: worker process 33 exited with code 0
2021/11/07 06:38:08 [notice] 1#1: signal 29 (SIGIO) received
2021/11/07 06:38:08 [notice] 1#1: signal 17 (SIGCHLD) received from 32
2021/11/07 06:38:08 [notice] 1#1: signal 17 (SIGCHLD) received from 31
2021/11/07 06:38:08 [notice] 1#1: worker process 31 exited with code 0
2021/11/07 06:38:08 [notice] 1#1: signal 29 (SIGIO) received
2021/11/07 06:38:08 [notice] 1#1: signal 17 (SIGCHLD) received from 34
2021/11/07 06:38:08 [notice] 1#1: worker process 34 exited with code 0
2021/11/07 06:38:08 [notice] 1#1: exit
2021/11/07 06:38:13 [notice] 1#1: using the "epoll" event method
2021/11/07 06:38:13 [notice] 1#1: nginx/1.21.3
2021/11/07 06:38:13 [notice] 1#1: built by gcc 8.3.0 (Debian 8.3.0-6) 
2021/11/07 06:38:13 [notice] 1#1: OS: Linux 5.10.47-linuxkit
2021/11/07 06:38:13 [notice] 1#1: getrlimit(RLIMIT_NOFILE): 1048576:1048576
2021/11/07 06:38:13 [notice] 1#1: start worker processes
2021/11/07 06:38:13 [notice] 1#1: start worker process 32
2021/11/07 06:38:13 [notice] 1#1: start worker process 33
2021/11/07 06:38:13 [notice] 1#1: start worker process 34
2021/11/07 06:38:13 [notice] 1#1: start worker process 35
2021/11/07 06:39:42 [notice] 1#1: signal 3 (SIGQUIT) received, shutting down
2021/11/07 06:39:42 [notice] 34#34: gracefully shutting down
2021/11/07 06:39:42 [notice] 34#34: exiting
2021/11/07 06:39:42 [notice] 33#33: gracefully shutting down
2021/11/07 06:39:42 [notice] 35#35: gracefully shutting down
2021/11/07 06:39:42 [notice] 35#35: exiting
2021/11/07 06:39:42 [notice] 32#32: gracefully shutting down
2021/11/07 06:39:42 [notice] 34#34: exit
2021/11/07 06:39:42 [notice] 33#33: exiting
2021/11/07 06:39:42 [notice] 35#35: exit
2021/11/07 06:39:42 [notice] 1#1: signal 17 (SIGCHLD) received from 34
2021/11/07 06:39:42 [notice] 32#32: exiting
2021/11/07 06:39:42 [notice] 33#33: exit
2021/11/07 06:39:42 [notice] 1#1: worker process 34 exited with code 0
2021/11/07 06:39:42 [notice] 32#32: exit
2021/11/07 06:39:42 [notice] 1#1: signal 29 (SIGIO) received
2021/11/07 06:39:42 [notice] 1#1: signal 17 (SIGCHLD) received from 35
2021/11/07 06:39:42 [notice] 1#1: worker process 35 exited with code 0
2021/11/07 06:39:42 [notice] 1#1: signal 29 (SIGIO) received
2021/11/07 06:39:42 [notice] 1#1: signal 17 (SIGCHLD) received from 33
2021/11/07 06:39:42 [notice] 1#1: worker process 33 exited with code 0
2021/11/07 06:39:42 [notice] 1#1: signal 29 (SIGIO) received
2021/11/07 06:39:42 [notice] 1#1: signal 17 (SIGCHLD) received from 32
2021/11/07 06:39:42 [notice] 1#1: worker process 32 exited with code 0
2021/11/07 06:39:42 [notice] 1#1: exit
2021/11/07 06:39:47 [notice] 1#1: using the "epoll" event method
2021/11/07 06:39:47 [notice] 1#1: nginx/1.21.3
2021/11/07 06:39:47 [notice] 1#1: built by gcc 8.3.0 (Debian 8.3.0-6) 
2021/11/07 06:39:47 [notice] 1#1: OS: Linux 5.10.47-linuxkit
2021/11/07 06:39:47 [notice] 1#1: getrlimit(RLIMIT_NOFILE): 1048576:1048576
2021/11/07 06:39:47 [notice] 1#1: start worker processes
2021/11/07 06:39:47 [notice] 1#1: start worker process 30
2021/11/07 06:39:47 [notice] 1#1: start worker process 31
2021/11/07 06:39:47 [notice] 1#1: start worker process 32
2021/11/07 06:39:47 [notice] 1#1: start worker process 33
2021/11/07 06:41:42 [notice] 1#1: signal 3 (SIGQUIT) received, shutting down
2021/11/07 06:41:42 [notice] 31#31: gracefully shutting down
2021/11/07 06:41:42 [notice] 32#32: gracefully shutting down
2021/11/07 06:41:42 [notice] 30#30: gracefully shutting down
2021/11/07 06:41:42 [notice] 33#33: gracefully shutting down
2021/11/07 06:41:42 [notice] 31#31: exiting
2021/11/07 06:41:42 [notice] 32#32: exiting
2021/11/07 06:41:42 [notice] 30#30: exiting
2021/11/07 06:41:42 [notice] 33#33: exiting
2021/11/07 06:41:42 [notice] 31#31: exit
2021/11/07 06:41:42 [notice] 32#32: exit
2021/11/07 06:41:42 [notice] 30#30: exit
2021/11/07 06:41:42 [notice] 33#33: exit
2021/11/07 06:41:42 [notice] 1#1: signal 17 (SIGCHLD) received from 31
2021/11/07 06:41:42 [notice] 1#1: worker process 30 exited with code 0
2021/11/07 06:41:42 [notice] 1#1: worker process 31 exited with code 0
2021/11/07 06:41:42 [notice] 1#1: signal 29 (SIGIO) received
2021/11/07 06:41:42 [notice] 1#1: signal 17 (SIGCHLD) received from 32
2021/11/07 06:41:42 [notice] 1#1: worker process 32 exited with code 0
2021/11/07 06:41:42 [notice] 1#1: worker process 33 exited with code 0
2021/11/07 06:41:42 [notice] 1#1: signal 17 (SIGCHLD) received from 33
2021/11/07 06:41:42 [notice] 1#1: exit
2021/11/07 06:41:47 [notice] 1#1: using the "epoll" event method
2021/11/07 06:41:47 [notice] 1#1: nginx/1.21.3
2021/11/07 06:41:47 [notice] 1#1: built by gcc 8.3.0 (Debian 8.3.0-6) 
2021/11/07 06:41:47 [notice] 1#1: OS: Linux 5.10.47-linuxkit
2021/11/07 06:41:47 [notice] 1#1: getrlimit(RLIMIT_NOFILE): 1048576:1048576
2021/11/07 06:41:47 [notice] 1#1: start worker processes
2021/11/07 06:41:47 [notice] 1#1: start worker process 31
2021/11/07 06:41:47 [notice] 1#1: start worker process 32
2021/11/07 06:41:47 [notice] 1#1: start worker process 33
2021/11/07 06:41:47 [notice] 1#1: start worker process 34
2021/11/07 06:45:16 [notice] 1#1: signal 3 (SIGQUIT) received, shutting down
2021/11/07 06:45:16 [notice] 32#32: gracefully shutting down
2021/11/07 06:45:16 [notice] 34#34: gracefully shutting down
2021/11/07 06:45:16 [notice] 34#34: exiting
2021/11/07 06:45:16 [notice] 33#33: gracefully shutting down
2021/11/07 06:45:16 [notice] 31#31: gracefully shutting down
2021/11/07 06:45:16 [notice] 32#32: exiting
2021/11/07 06:45:16 [notice] 34#34: exit
2021/11/07 06:45:16 [notice] 33#33: exiting
2021/11/07 06:45:16 [notice] 31#31: exiting
2021/11/07 06:45:16 [notice] 32#32: exit
2021/11/07 06:45:16 [notice] 33#33: exit
2021/11/07 06:45:16 [notice] 31#31: exit
2021/11/07 06:45:16 [notice] 1#1: signal 17 (SIGCHLD) received from 34
2021/11/07 06:45:16 [notice] 1#1: worker process 34 exited with code 0
2021/11/07 06:45:16 [notice] 1#1: signal 29 (SIGIO) received
2021/11/07 06:45:16 [notice] 1#1: signal 17 (SIGCHLD) received from 33
2021/11/07 06:45:16 [notice] 1#1: worker process 33 exited with code 0
2021/11/07 06:45:16 [notice] 1#1: signal 29 (SIGIO) received
2021/11/07 06:45:16 [notice] 1#1: signal 17 (SIGCHLD) received from 31
2021/11/07 06:45:16 [notice] 1#1: worker process 31 exited with code 0
2021/11/07 06:45:16 [notice] 1#1: signal 17 (SIGCHLD) received from 32
2021/11/07 06:45:16 [notice] 1#1: worker process 32 exited with code 0
2021/11/07 06:45:16 [notice] 1#1: exit
2021/11/07 06:45:21 [notice] 1#1: using the "epoll" event method
2021/11/07 06:45:21 [notice] 1#1: nginx/1.21.3
2021/11/07 06:45:21 [notice] 1#1: built by gcc 8.3.0 (Debian 8.3.0-6) 
2021/11/07 06:45:21 [notice] 1#1: OS: Linux 5.10.47-linuxkit
2021/11/07 06:45:21 [notice] 1#1: getrlimit(RLIMIT_NOFILE): 1048576:1048576
2021/11/07 06:45:21 [notice] 1#1: start worker processes
2021/11/07 06:45:21 [notice] 1#1: start worker process 31
2021/11/07 06:45:21 [notice] 1#1: start worker process 32
2021/11/07 06:45:21 [notice] 1#1: start worker process 33
2021/11/07 06:45:21 [notice] 1#1: start worker process 34
2021/11/07 06:47:49 [notice] 1#1: signal 3 (SIGQUIT) received, shutting down
2021/11/07 06:47:49 [notice] 31#31: gracefully shutting down
2021/11/07 06:47:49 [notice] 31#31: exiting
2021/11/07 06:47:49 [notice] 32#32: gracefully shutting down
2021/11/07 06:47:49 [notice] 33#33: gracefully shutting down
2021/11/07 06:47:49 [notice] 33#33: exiting
2021/11/07 06:47:49 [notice] 34#34: gracefully shutting down
2021/11/07 06:47:49 [notice] 34#34: exiting
2021/11/07 06:47:49 [notice] 31#31: exit
2021/11/07 06:47:49 [notice] 32#32: exiting
2021/11/07 06:47:49 [notice] 33#33: exit
2021/11/07 06:47:49 [notice] 34#34: exit
2021/11/07 06:47:49 [notice] 32#32: exit
2021/11/07 06:47:49 [notice] 1#1: signal 17 (SIGCHLD) received from 33
2021/11/07 06:47:49 [notice] 1#1: worker process 31 exited with code 0
2021/11/07 06:47:49 [notice] 1#1: worker process 33 exited with code 0
2021/11/07 06:47:49 [notice] 1#1: signal 17 (SIGCHLD) received from 32
2021/11/07 06:47:49 [notice] 1#1: worker process 32 exited with code 0
2021/11/07 06:47:49 [notice] 1#1: worker process 34 exited with code 0
2021/11/07 06:47:49 [notice] 1#1: signal 17 (SIGCHLD) received from 34
2021/11/07 06:47:49 [notice] 1#1: signal 29 (SIGIO) received
2021/11/07 06:47:49 [notice] 1#1: exit
2021/11/07 06:48:38 [notice] 1#1: using the "epoll" event method
2021/11/07 06:48:38 [notice] 1#1: nginx/1.21.3
2021/11/07 06:48:38 [notice] 1#1: built by gcc 8.3.0 (Debian 8.3.0-6) 
2021/11/07 06:48:38 [notice] 1#1: OS: Linux 5.10.47-linuxkit
2021/11/07 06:48:38 [notice] 1#1: getrlimit(RLIMIT_NOFILE): 1048576:1048576
2021/11/07 06:48:38 [notice] 1#1: start worker processes
2021/11/07 06:48:38 [notice] 1#1: start worker process 31
2021/11/07 06:48:38 [notice] 1#1: start worker process 32
2021/11/07 06:48:38 [notice] 1#1: start worker process 33
2021/11/07 06:48:38 [notice] 1#1: start worker process 34
